<?xml version="1.0" encoding="UTF-8"?>
<!-- Generated by org.testng.reporters.JUnitReportReporter -->
<testsuite hostname="sujan" failures="0" tests="2" name="runner.runnerpage" time="107.641" errors="0" timestamp="2022-11-30T15:33:57 IST" skipped="0">
  <testcase classname="runner.runnerpage" name="runScenario" time="45.553"/>
  <system-out/>
  <testcase classname="runner.runnerpage" name="runScenario" time="62.088"/>
  <system-out/>
</testsuite> <!-- runner.runnerpage -->
